<?xml version="1.0"?>
<?xml-stylesheet type="text/xsl" href="transformPlotSummary.xsl"?>
<vegPlotPackage>
  <project>
    <projectName>testproject</projectName>
    <projectDescription> tnc project</projectDescription>
    <startDate>01-JAN-1999</startDate>
    <stopDate>01-JAN-2002</stopDate>
    <projectContributor>
      <wholeName>Bob Peet</wholeName>
      <salutation>Dr.</salutation>
      <givenName>Robert</givenName>
      <middleName/>
      <surName>Peet</surName>
      <organizationName>University of North Carolina Chapel Hill</organizationName>
      <contactInstructions>email at peet@unc.edu</contactInstructions>
      <telephone>
        <phoneNumber>919 945-0788</phoneNumber>
        <phoneType/>
      </telephone>
      <address>
        <orgPosition>Professor</orgPosition>
        <email>peet@unc.edu</email>
        <deliveryPoint>Department of Biology, CB#3280</deliveryPoint>
        <city>Chapel Hill</city>
        <administrativeArea>NC </administrativeArea>
        <postalCode>27599-3280</postalCode>
        <country>USA</country>
        <currentFlag>true</currentFlag>
        <addressStartDate>01-JAN-1977</addressStartDate>
      </address>
    </projectContributor>
    <projectContributor>
      <wholeName>John Harris</wholeName>
      <salutation>Mr.</salutation>
      <givenName>John</givenName>
      <middleName>Howland</middleName>
      <surName>Harris</surName>
      <organizationName>University of California Santa Barbara</organizationName>
      <contactInstructions>email at harris@nceas.ucsb.edu</contactInstructions>
      <telephone>
        <phoneNumber>805 123-4523</phoneNumber>
        <phoneType/>
      </telephone>
      <address>
        <orgPosition>Software Developer</orgPosition>
        <email>harris@nceas.ucsb.edu</email>
        <deliveryPoint>735 State Street, Suite 300</deliveryPoint>
        <city>Santa Barbara</city>
        <administrativeArea>CA </administrativeArea>
        <postalCode>93101</postalCode>
        <country>USA</country>
        <currentFlag>true</currentFlag>
        <addressStartDate>01-JAN-2000</addressStartDate>
      </address>
    </projectContributor>
    <plot>
      <plotId>1096</plotId>
      <plotAccessionNumber>null</plotAccessionNumber>
      <authorPlotCode>THRO.7</authorPlotCode>
      <latitude>null</latitude>
      <longitude>null</longitude>
      <authorE>0.0</authorE>
      <authorN>0.0</authorN>
      <authorZone>null</authorZone>
      <authorDatum/>
      <authorLocation/>
      <locationNarrative/>
      <confidentialityStatus>0</confidentialityStatus>
      <confidentialityReason>no real reason</confidentialityReason>
      <azimuth/>
      <dsgPoly/>
      <shape>Square</shape>
      <area>1000</area>
      <standSize/>
      <placementMethod/>
      <permanence/>
      <layoutNarative/>
      <elevation/>
      <elevationAccuracy/>
      <slopeAspect>0 </slopeAspect>
      <slopeGradient>3</slopeGradient>
      <topoPosition>midslope</topoPosition>
      <landform/>
      <geology>Glacial Deposits: Undi</geology>
      <soilTaxon/>
      <soilTaxonSource/>
      <notesPublic/>
      <notesMgt/>
      <revisions/>
      <state>ND</state>
      <country>USA</country>
      <namedPlace>
        <placeName>Marina Park</placeName>
        <placeDescription>marina park by the sunken ship imitation</placeDescription>
        <placeCode>MarinePrk</placeCode>
        <placeSystem>unknown system</placeSystem>
        <owner>Ventura county</owner>
      </namedPlace>
      <namedPlace>
        <placeName>Ventura Harbor Area</placeName>
        <placeDescription>the ventura harbor on the north side</placeDescription>
        <placeCode>VenHbr</placeCode>
        <placeSystem>unknown system</placeSystem>
        <owner>State of California</owner>
      </namedPlace>
      <observation>
        <authorObsCode/>
        <obsStartDate>1998-01-01 00:00:00-08</obsStartDate>
        <obsEndDate>1998-01-02 00:00:00-08</obsEndDate>
        <dateAccuracy/>
        <sampleMethodId/>
        <coverMethodId/>
        <stratumMethodId/>
        <stemSizeLimit/>
        <methodNarrative/>
        <taxonObservationArea/>
        <coverDispersion/>
        <autotaxonCover/>
        <stemObservationArea/>
        <stemSampleMethod/>
        <originalData/>
        <effortLevel/>
        <plotValidationLevel/>
        <floristicQuality/>
        <bryophyteQuality/>
        <lichenQuality/>
        <observationNarrative/>
        <landscapeNarrative/>
        <homogeneity/>
        <phenologicalAspect/>
        <representativeness/>
        <basalArea/>
        <hydrologicRegime>null</hydrologicRegime>
        <soilMoistureRegime/>
        <soilDrainage/>
        <waterSalinity/>
        <waterDepth/>
        <shoreDistance/>
        <soilDepth>null</soilDepth>
        <organicDepth/>
        <percentBedrock/>
        <percentRockGravel/>
        <percentWood/>
        <percentLitter/>
        <percentBareSoil/>
        <percentWater/>
        <percentOther/>
        <nameOther/>
        <standMaturity/>
        <successionalStatus/>
        <treeHt/>
        <shrubHt/>
        <fieldHt/>
        <nonvascularHt/>
        <submergedHt/>
        <treeCover/>
        <shrubCover/>
        <fieldCover/>
        <nonvascularCover/>
        <floatingCover/>
        <submergedCover/>
        <dominantStratum/>
        <growthform1type/>
        <growthform2type/>
        <growthform3type/>
        <growthform1cover/>
        <growthform2cover/>
        <growthform3cover/>
        <notesPublic/>
        <notesMgt/>
        <revisions/>
        <communityClassification>
          <className/>
          <classStartDate/>
          <classStopDate/>
          <classInspection/>
          <classInspection/>
          <tableAnalysis/>
          <multivariateAnalysis/>
          <expertSystem/>
          <classNotes/>
          <classPublication/>
        </communityClassification>
        <observationContributor>
          <wholeName>Bob Peet</wholeName>
          <salutation>Dr.</salutation>
          <givenName>Robert</givenName>
          <middleName/>
          <surName>Peet</surName>
          <organizationName>University of North Carolina Chapel Hill</organizationName>
          <contactInstructions>email at peet@unc.edu</contactInstructions>
          <telephone>
            <phoneNumber>919 945-0788</phoneNumber>
            <phoneType/>
          </telephone>
          <address>
            <orgPosition>Professor</orgPosition>
            <email>peet@unc.edu</email>
            <deliveryPoint>Department of Biology, CB#3280</deliveryPoint>
            <city>Chapel Hill</city>
            <administrativeArea>NC </administrativeArea>
            <postalCode>27599-3280</postalCode>
            <country>USA</country>
            <currentFlag>true</currentFlag>
            <addressStartDate>01-JAN-1977</addressStartDate>
          </address>
        </observationContributor>
        <observationContributor>
          <wholeName>John Harris</wholeName>
          <salutation>Mr.</salutation>
          <givenName>John</givenName>
          <middleName>Howland</middleName>
          <surName>Harris</surName>
          <organizationName>University of California Santa Barbara</organizationName>
          <contactInstructions>email at harris@nceas.ucsb.edu</contactInstructions>
          <telephone>
            <phoneNumber>805 123-4523</phoneNumber>
            <phoneType/>
          </telephone>
          <address>
            <orgPosition>Software Developer</orgPosition>
            <email>harris@nceas.ucsb.edu</email>
            <deliveryPoint>735 State Street, Suite 300</deliveryPoint>
            <city>Santa Barbara</city>
            <administrativeArea>CA </administrativeArea>
            <postalCode>93101</postalCode>
            <country>USA</country>
            <currentFlag>true</currentFlag>
            <addressStartDate>01-JAN-2000</addressStartDate>
          </address>
        </observationContributor>
        <stratum>
          <stratumName>E</stratumName>
          <stratumHeight>100</stratumHeight>
          <stratumBase>12</stratumBase>
          <stratumCover>100</stratumCover>
        </stratum>
        <stratum>
          <stratumName>H</stratumName>
          <stratumHeight>100</stratumHeight>
          <stratumBase>12</stratumBase>
          <stratumCover>100</stratumCover>
        </stratum>
        <stratum>
          <stratumName>N</stratumName>
          <stratumHeight>100</stratumHeight>
          <stratumBase>12</stratumBase>
          <stratumCover>100</stratumCover>
        </stratum>
        <stratum>
          <stratumName>S1</stratumName>
          <stratumHeight>100</stratumHeight>
          <stratumBase>12</stratumBase>
          <stratumCover>100</stratumCover>
        </stratum>
        <stratum>
          <stratumName>S2</stratumName>
          <stratumHeight>100</stratumHeight>
          <stratumBase>12</stratumBase>
          <stratumCover>100</stratumCover>
        </stratum>
        <stratum>
          <stratumName>S3</stratumName>
          <stratumHeight>100</stratumHeight>
          <stratumBase>12</stratumBase>
          <stratumCover>100</stratumCover>
        </stratum>
        <stratum>
          <stratumName>T1</stratumName>
          <stratumHeight>100</stratumHeight>
          <stratumBase>12</stratumBase>
          <stratumCover>100</stratumCover>
        </stratum>
        <stratum>
          <stratumName>T2</stratumName>
          <stratumHeight>100</stratumHeight>
          <stratumBase>12</stratumBase>
          <stratumCover>100</stratumCover>
        </stratum>
        <stratum>
          <stratumName>T3</stratumName>
          <stratumHeight>100</stratumHeight>
          <stratumBase>12</stratumBase>
          <stratumCover>100</stratumCover>
        </stratum>
        <stratum>
          <stratumName>V</stratumName>
          <stratumHeight>100</stratumHeight>
          <stratumBase>12</stratumBase>
          <stratumCover>100</stratumCover>
        </stratum>
        <taxonObservation>
          <authorNameId>Achillea millefolium L.</authorNameId>
          <taxonCover>7</taxonCover>
          <stratumComposition>
            <taxonStratumCover>12</taxonStratumCover>
            <stratumName>shrub</stratumName>
          </stratumComposition>
        </taxonObservation>
        <taxonObservation>
          <authorNameId>Anemone cylindrica Gray</authorNameId>
          <taxonCover>7</taxonCover>
          <stratumComposition>
            <taxonStratumCover>12</taxonStratumCover>
            <stratumName>shrub</stratumName>
          </stratumComposition>
        </taxonObservation>
        <taxonObservation>
          <authorNameId>Artemisia dracunculus L.</authorNameId>
          <taxonCover>7</taxonCover>
          <stratumComposition>
            <taxonStratumCover>12</taxonStratumCover>
            <stratumName>shrub</stratumName>
          </stratumComposition>
        </taxonObservation>
        <taxonObservation>
          <authorNameId>Artemisia frigida Willd.</authorNameId>
          <taxonCover>7</taxonCover>
          <stratumComposition>
            <taxonStratumCover>12</taxonStratumCover>
            <stratumName>shrub</stratumName>
          </stratumComposition>
        </taxonObservation>
        <taxonObservation>
          <authorNameId>Artemisia ludoviciana Nutt.</authorNameId>
          <taxonCover>7</taxonCover>
          <stratumComposition>
            <taxonStratumCover>12</taxonStratumCover>
            <stratumName>shrub</stratumName>
          </stratumComposition>
        </taxonObservation>
        <taxonObservation>
          <authorNameId>Aster ericoides L.</authorNameId>
          <taxonCover>7</taxonCover>
          <stratumComposition>
            <taxonStratumCover>12</taxonStratumCover>
            <stratumName>shrub</stratumName>
          </stratumComposition>
        </taxonObservation>
        <taxonObservation>
          <authorNameId>Echinacea angustifolia DC.</authorNameId>
          <taxonCover>7</taxonCover>
          <stratumComposition>
            <taxonStratumCover>12</taxonStratumCover>
            <stratumName>tree</stratumName>
          </stratumComposition>
          <stratumComposition>
            <taxonStratumCover>12</taxonStratumCover>
            <stratumName>shrub</stratumName>
          </stratumComposition>
          <stratumComposition>
            <taxonStratumCover>12</taxonStratumCover>
            <stratumName>herb</stratumName>
          </stratumComposition>
        </taxonObservation>
        <taxonObservation>
          <authorNameId>Gaura coccinea Nutt. ex Pursh</authorNameId>
          <taxonCover>7</taxonCover>
          <stratumComposition>
            <taxonStratumCover>12</taxonStratumCover>
            <stratumName>tree</stratumName>
          </stratumComposition>
          <stratumComposition>
            <taxonStratumCover>12</taxonStratumCover>
            <stratumName>shrub</stratumName>
          </stratumComposition>
          <stratumComposition>
            <taxonStratumCover>12</taxonStratumCover>
            <stratumName>herb</stratumName>
          </stratumComposition>
        </taxonObservation>
        <taxonObservation>
          <authorNameId>Lactuca tatarica var. pulchella (Pursh) Breitung</authorNameId>
          <taxonCover>7</taxonCover>
          <stratumComposition>
            <taxonStratumCover>12</taxonStratumCover>
            <stratumName>tree</stratumName>
          </stratumComposition>
          <stratumComposition>
            <taxonStratumCover>12</taxonStratumCover>
            <stratumName>shrub</stratumName>
          </stratumComposition>
          <stratumComposition>
            <taxonStratumCover>12</taxonStratumCover>
            <stratumName>herb</stratumName>
          </stratumComposition>
        </taxonObservation>
        <taxonObservation>
          <authorNameId>Nassella viridula (Trin.) Barkworth</authorNameId>
          <taxonCover>7</taxonCover>
          <stratumComposition>
            <taxonStratumCover>12</taxonStratumCover>
            <stratumName>tree</stratumName>
          </stratumComposition>
          <stratumComposition>
            <taxonStratumCover>12</taxonStratumCover>
            <stratumName>shrub</stratumName>
          </stratumComposition>
          <stratumComposition>
            <taxonStratumCover>12</taxonStratumCover>
            <stratumName>herb</stratumName>
          </stratumComposition>
        </taxonObservation>
        <taxonObservation>
          <authorNameId>Pascopyrum smithii (Rydb.) A. Love</authorNameId>
          <taxonCover>7</taxonCover>
          <stratumComposition>
            <taxonStratumCover>12</taxonStratumCover>
            <stratumName>tree</stratumName>
          </stratumComposition>
          <stratumComposition>
            <taxonStratumCover>12</taxonStratumCover>
            <stratumName>shrub</stratumName>
          </stratumComposition>
          <stratumComposition>
            <taxonStratumCover>12</taxonStratumCover>
            <stratumName>herb</stratumName>
          </stratumComposition>
        </taxonObservation>
        <taxonObservation>
          <authorNameId>Pediomelum argophyllum (Pursh) J. Grimes</authorNameId>
          <taxonCover>7</taxonCover>
          <stratumComposition>
            <taxonStratumCover>12</taxonStratumCover>
            <stratumName>tree</stratumName>
          </stratumComposition>
          <stratumComposition>
            <taxonStratumCover>12</taxonStratumCover>
            <stratumName>shrub</stratumName>
          </stratumComposition>
          <stratumComposition>
            <taxonStratumCover>12</taxonStratumCover>
            <stratumName>herb</stratumName>
          </stratumComposition>
        </taxonObservation>
        <taxonObservation>
          <authorNameId>Pediomelum esculentum (Pursh) Rydb.</authorNameId>
          <taxonCover>7</taxonCover>
          <stratumComposition>
            <taxonStratumCover>12</taxonStratumCover>
            <stratumName>tree</stratumName>
          </stratumComposition>
          <stratumComposition>
            <taxonStratumCover>12</taxonStratumCover>
            <stratumName>shrub</stratumName>
          </stratumComposition>
          <stratumComposition>
            <taxonStratumCover>12</taxonStratumCover>
            <stratumName>herb</stratumName>
          </stratumComposition>
        </taxonObservation>
        <taxonObservation>
          <authorNameId>Poa pratensis L.</authorNameId>
          <taxonCover>7</taxonCover>
          <stratumComposition>
            <taxonStratumCover>12</taxonStratumCover>
            <stratumName>tree</stratumName>
          </stratumComposition>
          <stratumComposition>
            <taxonStratumCover>12</taxonStratumCover>
            <stratumName>shrub</stratumName>
          </stratumComposition>
          <stratumComposition>
            <taxonStratumCover>12</taxonStratumCover>
            <stratumName>herb</stratumName>
          </stratumComposition>
        </taxonObservation>
        <taxonObservation>
          <authorNameId>Ratibida columnifera (Nutt.) Woot.   Standl.</authorNameId>
          <taxonCover>7</taxonCover>
          <stratumComposition>
            <taxonStratumCover>12</taxonStratumCover>
            <stratumName>tree</stratumName>
          </stratumComposition>
          <stratumComposition>
            <taxonStratumCover>12</taxonStratumCover>
            <stratumName>shrub</stratumName>
          </stratumComposition>
          <stratumComposition>
            <taxonStratumCover>12</taxonStratumCover>
            <stratumName>herb</stratumName>
          </stratumComposition>
        </taxonObservation>
        <taxonObservation>
          <authorNameId>Stipa comata Trin.   Rupr.</authorNameId>
          <taxonCover>7</taxonCover>
          <stratumComposition>
            <taxonStratumCover>12</taxonStratumCover>
            <stratumName>tree</stratumName>
          </stratumComposition>
          <stratumComposition>
            <taxonStratumCover>12</taxonStratumCover>
            <stratumName>shrub</stratumName>
          </stratumComposition>
          <stratumComposition>
            <taxonStratumCover>12</taxonStratumCover>
            <stratumName>herb</stratumName>
          </stratumComposition>
        </taxonObservation>
        <taxonObservation>
          <authorNameId>Symphoricarpos occidentalis Hook.</authorNameId>
          <taxonCover>7</taxonCover>
          <stratumComposition>
            <taxonStratumCover>12</taxonStratumCover>
            <stratumName>tree</stratumName>
          </stratumComposition>
          <stratumComposition>
            <taxonStratumCover>12</taxonStratumCover>
            <stratumName>shrub</stratumName>
          </stratumComposition>
          <stratumComposition>
            <taxonStratumCover>12</taxonStratumCover>
            <stratumName>herb</stratumName>
          </stratumComposition>
        </taxonObservation>
        <taxonObservation>
          <authorNameId>Vicia americana Muhl. ex Willd.</authorNameId>
          <taxonCover>7</taxonCover>
          <stratumComposition>
            <taxonStratumCover>12</taxonStratumCover>
            <stratumName>tree</stratumName>
          </stratumComposition>
          <stratumComposition>
            <taxonStratumCover>12</taxonStratumCover>
            <stratumName>shrub</stratumName>
          </stratumComposition>
          <stratumComposition>
            <taxonStratumCover>12</taxonStratumCover>
            <stratumName>herb</stratumName>
          </stratumComposition>
        </taxonObservation>
      </observation>
    </plot>
  </project>
</vegPlotPackage>
